localhost:/home/vagrant # kubectl get secrets
No resources found in default namespace.
localhost:/home/vagrant # kubectl create secret generic test-sec --from-literal=color=red
secret/test-sec created
localhost:/home/vagrant # kubectl get secrets
NAME       TYPE     DATA   AGE
test-sec   Opaque   1      10s
localhost:/home/vagrant # kubectl describe secrets test-sec
Name:         test-sec
Namespace:    default
Labels:       <none>
Annotations:  <none>

Type:  Opaque

Data
====
color:  3 bytes
localhost:/home/vagrant # kubectl get secrets test-sec -o yaml
apiVersion: v1
data:
  color: cmVk
kind: Secret
metadata:
  creationTimestamp: "2024-05-20T13:22:45Z"
  name: test-sec
  namespace: default
  resourceVersion: "25320"
  uid: 587b11d6-e6fd-4d78-8ad7-8cd3dbeab47c
type: Opaque
localhost:/home/vagrant # echo "cmVk" | base64 -D
base64: invalid option -- 'D'
Try 'base64 --help' for more information.
localhost:/home/vagrant #
